<?xml version="1.0" encoding="UTF-8"?>
<testsuites name="Login_Test" time="26.424" tests="2" failures="0" errors="0">
   <testsuite name="Login_Test" tests="2" failures="0" errors="0" time="26.424" skipped="0" timestamp="24-01-2024T13:50:45" hostname="Win11 - Arnab-er" id="Test Suites/Login_Test">
      <properties>
         <property name="deviceName" value=""/>
         <property name="devicePlatform" value=""/>
         <property name="logFolder" value="C:\\Users\\Win11\\git\\katalon_amazon_testing\\Reports\\20240124_135036\\Login_Test\\20240124_135038"/>
         <property name="logFiles" value="C:\\Users\\Win11\\git\\katalon_amazon_testing\\Reports\\20240124_135036\\Login_Test\\20240124_135038\\execution0.log"/>
         <property name="attachments" value=""/>
         <property name="hostName" value="Win11 - Arnab-er"/>
         <property name="os" value="Windows 11 64bit"/>
         <property name="katalonVersion" value="9.1.0.212"/>
         <property name="browser" value="Chrome 120.0.0.0"/>
         <property name="hostAddress" value="192.168.22.7"/>
         <property name="sessionId" value="21f3b35022417394d8d1bfe9104a2035"/>
         <property name="seleniumVersion" value="3.141.59"/>
         <property name="proxyInformation" value="ProxyInformation { proxyOption=NO_PROXY, proxyServerType=HTTP, username=, password=********, proxyServerAddress=, proxyServerPort=0, executionList=&quot;&quot;, isApplyToDesiredCapabilities=true }"/>
         <property name="platform" value="Windows 11"/>
      </properties>
      <testcase name="Test Cases/TC_Amazon_Home_002.1" time="13.203" classname="Test Cases/TC_Amazon_Home_002.1" status="PASSED">
         <system-out><![CDATA[24-01-2024T13:50:45 - [TEST_CASE][PASSED] - Test Cases/TC_Amazon_Home_002.1: Test Cases/TC_Amazon_Home_002.1

24-01-2024T13:50:46 - [TEST_STEP][PASSED] - openBrowser(""): Browser is opened with url: ''

24-01-2024T13:50:46 - [MESSAGE][INFO] - Starting 'Chrome' driver

24-01-2024T13:50:46 - [MESSAGE][INFO] - Action delay is set to 0 milliseconds

24-01-2024T13:50:49 - [MESSAGE][PASSED] - Browser is opened with url: ''

24-01-2024T13:50:49 - [TEST_STEP][PASSED] - navigateToUrl("https://www.amazon.in/"): Navigate to 'https://www.amazon.in/' successfully

24-01-2024T13:50:51 - [MESSAGE][PASSED] - Navigate to 'https://www.amazon.in/' successfully

24-01-2024T13:50:51 - [TEST_STEP][PASSED] - click(findTestObject("Object Repository/Login_Test/Page_Online Shopping site in India Shop Onl_10c5f3/span_Sign in")): Object: 'Object Repository/Login_Test/Page_Online Shopping site in India Shop Onl_10c5f3/span_Sign in' is clicked on

24-01-2024T13:50:54 - [MESSAGE][PASSED] - Object: 'Object Repository/Login_Test/Page_Online Shopping site in India Shop Onl_10c5f3/span_Sign in' is clicked on

24-01-2024T13:50:54 - [TEST_STEP][PASSED] - setText(findTestObject("Object Repository/Login_Test/Page_Amazon Sign In/input_email"), "arnabbaruajsr@gmail.com"): Text 'arnabbaruajsr@gmail.com' is set on object 'Object Repository/Login_Test/Page_Amazon Sign In/input_email'

24-01-2024T13:50:55 - [MESSAGE][PASSED] - Text 'arnabbaruajsr@gmail.com' is set on object 'Object Repository/Login_Test/Page_Amazon Sign In/input_email'

24-01-2024T13:50:55 - [TEST_STEP][PASSED] - click(findTestObject("Object Repository/Login_Test/Page_Amazon Sign In/inputcontinue")): Object: 'Object Repository/Login_Test/Page_Amazon Sign In/inputcontinue' is clicked on

24-01-2024T13:50:57 - [MESSAGE][PASSED] - Object: 'Object Repository/Login_Test/Page_Amazon Sign In/inputcontinue' is clicked on

24-01-2024T13:50:57 - [TEST_STEP][PASSED] - setEncryptedText(findTestObject("Object Repository/Login_Test/Page_Amazon Sign In/input_password"), "9N/NeoNUwAmOpqY2L/5HEg=="): Text ****** has been set on object 'Object Repository/Login_Test/Page_Amazon Sign In/input_password'

24-01-2024T13:50:58 - [MESSAGE][PASSED] - Text ****** has been set on object 'Object Repository/Login_Test/Page_Amazon Sign In/input_password'

24-01-2024T13:50:58 - [TEST_STEP][PASSED] - click(findTestObject("Object Repository/Login_Test/Page_Amazon Sign In/inputsignInSubmit")): Object: 'Object Repository/Login_Test/Page_Amazon Sign In/inputsignInSubmit' is clicked on

24-01-2024T13:50:58 - [MESSAGE][PASSED] - Object: 'Object Repository/Login_Test/Page_Amazon Sign In/inputsignInSubmit' is clicked on

24-01-2024T13:50:58 - [TEST_STEP][PASSED] - closeBrowser(): Browser is closed

24-01-2024T13:50:59 - [MESSAGE][PASSED] - Browser is closed]]></system-out>
         <system-err><![CDATA[]]></system-err>
      </testcase>
      <testcase name="Test Cases/TC_Amazon_Home_002.2" time="12.871" classname="Test Cases/TC_Amazon_Home_002.2" status="PASSED">
         <system-out><![CDATA[24-01-2024T13:50:59 - [TEST_CASE][PASSED] - Test Cases/TC_Amazon_Home_002.2: Test Cases/TC_Amazon_Home_002.2

24-01-2024T13:50:59 - [TEST_STEP][PASSED] - openBrowser("https://www.amazon.in/"): Browser is opened with url: 'https://www.amazon.in/'

24-01-2024T13:50:59 - [MESSAGE][INFO] - Starting 'Chrome' driver

24-01-2024T13:50:59 - [MESSAGE][INFO] - Action delay is set to 0 milliseconds

24-01-2024T13:51:02 - [MESSAGE][PASSED] - Browser is opened with url: 'https://www.amazon.in/'

24-01-2024T13:51:02 - [TEST_STEP][PASSED] - click(findTestObject("Login_Test/Amazon_TC_002.2/Page_Amazon Sign In/Page_Online Shopping site in India Shop Online for Mobiles, Books, Watches, Shoes and More - Amazon.in/span_Sign in"), STOP_ON_FAILURE): Object: 'Object Repository/Login_Test/Amazon_TC_002.2/Page_Amazon Sign In/Page_Online Shopping site in India Shop Online for Mobiles, Books, Watches, Shoes and More - Amazon.in/span_Sign in' is clicked on

24-01-2024T13:51:07 - [MESSAGE][PASSED] - Object: 'Object Repository/Login_Test/Amazon_TC_002.2/Page_Amazon Sign In/Page_Online Shopping site in India Shop Online for Mobiles, Books, Watches, Shoes and More - Amazon.in/span_Sign in' is clicked on

24-01-2024T13:51:07 - [TEST_STEP][PASSED] - setText(findTestObject("Login_Test/Amazon_TC_002.2/Page_Amazon Sign In/input_Email or mobile phone number_email"), "9939230697"): Text '9939230697' is set on object 'Object Repository/Login_Test/Amazon_TC_002.2/Page_Amazon Sign In/input_Email or mobile phone number_email'

24-01-2024T13:51:08 - [MESSAGE][PASSED] - Text '9939230697' is set on object 'Object Repository/Login_Test/Amazon_TC_002.2/Page_Amazon Sign In/input_Email or mobile phone number_email'

24-01-2024T13:51:08 - [TEST_STEP][PASSED] - click(findTestObject("Login_Test/Amazon_TC_002.2/Page_Amazon Sign In/span_Continue")): Object: 'Object Repository/Login_Test/Amazon_TC_002.2/Page_Amazon Sign In/span_Continue' is clicked on

24-01-2024T13:51:09 - [MESSAGE][PASSED] - Object: 'Object Repository/Login_Test/Amazon_TC_002.2/Page_Amazon Sign In/span_Continue' is clicked on

24-01-2024T13:51:09 - [TEST_STEP][PASSED] - setText(findTestObject("Login_Test/Amazon_TC_002.2/Page_Amazon Sign In/input_Forgot Password_password"), "aBARUA@2002"): Text 'aBARUA@2002' is set on object 'Object Repository/Login_Test/Amazon_TC_002.2/Page_Amazon Sign In/input_Forgot Password_password'

24-01-2024T13:51:11 - [MESSAGE][PASSED] - Text 'aBARUA@2002' is set on object 'Object Repository/Login_Test/Amazon_TC_002.2/Page_Amazon Sign In/input_Forgot Password_password'

24-01-2024T13:51:11 - [TEST_STEP][PASSED] - click(findTestObject("Login_Test/Amazon_TC_002.2/Page_Amazon Sign In/span_Sign in")): Object: 'Object Repository/Login_Test/Amazon_TC_002.2/Page_Amazon Sign In/span_Sign in' is clicked on

24-01-2024T13:51:11 - [MESSAGE][PASSED] - Object: 'Object Repository/Login_Test/Amazon_TC_002.2/Page_Amazon Sign In/span_Sign in' is clicked on

24-01-2024T13:51:11 - [TEST_STEP][PASSED] - closeBrowser(): Browser is closed

24-01-2024T13:51:11 - [MESSAGE][PASSED] - Browser is closed]]></system-out>
         <system-err><![CDATA[]]></system-err>
      </testcase>
      <system-out><![CDATA[24-01-2024T13:50:45 - [TEST_SUITE][PASSED] - Login_Test: Test Cases/TC_Amazon_Home_002.2]]></system-out>
      <system-err><![CDATA[]]></system-err>
   </testsuite>
</testsuites>
